0xaaaaf82eaa10 55 1
0xaaaaf82ea9c0 12 0
0xaaaaf82ea8b0 201 1
0xaaaaf82ea850 35 1
0xaaaaf82ea7c0 73 1
0xaaaaf82ea6e0 153 1
0xaaaaf82ea690 16 1
0xaaaaf82ea5b0 155 1
0xaaaaf82ea4e0 152 1
0xaaaaf82ea3e0 194 1
0xaaaaf82ea390 5 1
0xaaaaf82ea2a0 175 1

0xaaaaf82eaa10 55 1
0xaaaaf82ea9c0 12 0
0xaaaaf82ea8b0 201 1
0xaaaaf82ea850 35 1
0xaaaaf82ea7c0 73 1
0xaaaaf82ea6e0 153 1
0xaaaaf82ea690 16 1
0xaaaaf82ea5b0 155 1
0xaaaaf82ea4e0 152 1
0xaaaaf82ea3e0 194 0
0xaaaaf82ea390 5 1
0xaaaaf82ea2a0 175 1

0xaaaaf82eaa10 55 1
0xaaaaf82ea9c0 12 0
0xaaaaf82ea8b0 201 1
0xaaaaf82ea850 35 1
0xaaaaf82ea7c0 73 1
0xaaaaf82ea6e0 153 1
0xaaaaf82ea690 16 0
0xaaaaf82ea5b0 155 1
0xaaaaf82ea4e0 152 1
0xaaaaf82ea3e0 194 0
0xaaaaf82ea390 5 1
0xaaaaf82ea2a0 175 1

0xaaaaf82eaa10 55 1
0xaaaaf82ea9c0 12 0
0xaaaaf82ea8b0 201 1
0xaaaaf82ea850 35 0
0xaaaaf82ea7c0 73 1
0xaaaaf82ea6e0 153 1
0xaaaaf82ea690 16 0
0xaaaaf82ea5b0 155 1
0xaaaaf82ea4e0 152 1
0xaaaaf82ea3e0 194 0
0xaaaaf82ea390 5 1
0xaaaaf82ea2a0 175 1

